<?xml version="1.0" encoding="UTF-8"?>
<!-- Generated by org.testng.reporters.JUnitXMLReporter -->
<testsuite hostname="Neelima" ignored="0" name="Test" tests="4" failures="1" timestamp="25 Nov 2018 07:11:21 GMT" time="0.031" errors="0">
  <testcase name="test" time="0.0" classname="testNGPackage.AnalyzerTest">
    <skipped/>
  </testcase> <!-- test -->
  <testcase name="test" time="0.0" classname="testNGPackage.AnalyzerTest">
    <skipped/>
  </testcase> <!-- test -->
  <testcase name="test" time="0.0" classname="testNGPackage.AnalyzerTest">
    <skipped/>
  </testcase> <!-- test -->
  <testcase name="test" time="0.0" classname="testNGPackage.AnalyzerTest">
    <failure type="java.lang.AssertionError" message="expected [true] but found [false]">
      <![CDATA[java.lang.AssertionError: expected [true] but found [false]
at testNGPackage.AnalyzerTest.test(AnalyzerTest.java:22)
... Removed 31 stack frames]]>
    </failure>
  </testcase> <!-- test -->
</testsuite> <!-- Test -->
